[debug] [2020-02-16T19:00:09.611Z] ----------------------------------------------------------------------
[debug] [2020-02-16T19:00:09.613Z] Command:       /usr/local/Cellar/node/12.12.0/bin/node /usr/local/bin/firebase deploy
[debug] [2020-02-16T19:00:09.613Z] CLI Version:   7.12.1
[debug] [2020-02-16T19:00:09.613Z] Platform:      darwin
[debug] [2020-02-16T19:00:09.613Z] Node Version:  v12.12.0
[debug] [2020-02-16T19:00:09.614Z] Time:          Sun Feb 16 2020 14:00:09 GMT-0500 (Eastern Standard Time)
[debug] [2020-02-16T19:00:09.614Z] ----------------------------------------------------------------------
[debug] [2020-02-16T19:00:09.614Z] 
[debug] [2020-02-16T19:00:09.619Z] > command requires scopes: ["email","openid","https://www.googleapis.com/auth/cloudplatformprojects.readonly","https://www.googleapis.com/auth/firebase","https://www.googleapis.com/auth/cloud-platform"]
[debug] [2020-02-16T19:00:09.620Z] > authorizing via signed-in user
[debug] [2020-02-16T19:00:09.620Z] [iam] checking project sensitize-56568 for permissions ["firebase.projects.get","firebasedatabase.instances.update","firebasehosting.sites.update"]
[debug] [2020-02-16T19:00:09.621Z] >>> HTTP REQUEST POST https://cloudresourcemanager.googleapis.com/v1/projects/sensitize-56568:testIamPermissions  

[debug] [2020-02-16T19:00:09.853Z] <<< HTTP RESPONSE 200
[debug] [2020-02-16T19:00:09.856Z] >>> HTTP REQUEST GET https://firebase.googleapis.com/v1beta1/projects/sensitize-56568  
 
[debug] [2020-02-16T19:00:10.057Z] <<< HTTP RESPONSE 200
[info] 
[info] === Deploying to 'sensitize-56568'...
[info] 
[info] i  deploying database, hosting
[info] i  database: checking rules syntax...
[debug] [2020-02-16T19:00:10.060Z] >>> HTTP REQUEST PUT https://sensitize-56568.firebaseio.com/.settings/rules.json?dryRun=true  
 {
  "rules": {
    ".read": true,
    ".write": true
  }
}

[debug] [2020-02-16T19:00:10.294Z] <<< HTTP RESPONSE 404
[debug] [2020-02-16T19:00:10.294Z] <<< HTTP RESPONSE BODY {
  "error" : "Firebase error. Please ensure that you spelled the name of your Firebase correctly"
}

[error] 
[error] Error: Unexpected error while deploying database rules.
